Start testing: Jun 04 13:14 EDT
----------------------------------------------------------
1/2 Testing: DoublyLinkedListTest
1/2 Test: DoublyLinkedListTest
Command: "/Users/patrickdeigan/Documents/projects/c/staxchallenge/build/tests/DoublyLinkedListTest"
Directory: /Users/patrickdeigan/Documents/projects/c/staxchallenge/build/tests
"DoublyLinkedListTest" start time: Jun 04 13:14 EDT
Output:
----------------------------------------------------------
[==========] Running 4 tests from 1 test suite.
[----------] Global test environment set-up.
[----------] 4 tests from DoublyLinkedListTest
[ RUN      ] DoublyLinkedListTest.AppendTest
[       OK ] DoublyLinkedListTest.AppendTest (0 ms)
[ RUN      ] DoublyLinkedListTest.RemoveTest
[       OK ] DoublyLinkedListTest.RemoveTest (0 ms)
[ RUN      ] DoublyLinkedListTest.FindTest
[       OK ] DoublyLinkedListTest.FindTest (0 ms)
[ RUN      ] DoublyLinkedListTest.DisplayTest
[       OK ] DoublyLinkedListTest.DisplayTest (0 ms)
[----------] 4 tests from DoublyLinkedListTest (0 ms total)

[----------] Global test environment tear-down
[==========] 4 tests from 1 test suite ran. (0 ms total)
[  PASSED  ] 4 tests.
<end of output>
Test time =   0.00 sec
----------------------------------------------------------
Test Passed.
"DoublyLinkedListTest" end time: Jun 04 13:14 EDT
"DoublyLinkedListTest" time elapsed: 00:00:00
----------------------------------------------------------

2/2 Testing: NodeTest
2/2 Test: NodeTest
Command: "/Users/patrickdeigan/Documents/projects/c/staxchallenge/build/tests/NodeTest"
Directory: /Users/patrickdeigan/Documents/projects/c/staxchallenge/build/tests
"NodeTest" start time: Jun 04 13:14 EDT
Output:
----------------------------------------------------------
[==========] Running 7 tests from 1 test suite.
[----------] Global test environment set-up.
[----------] 7 tests from NodeTest
[ RUN      ] NodeTest.IntConstructorTest
[       OK ] NodeTest.IntConstructorTest (0 ms)
[ RUN      ] NodeTest.NegativeIntConstructorTest
[       OK ] NodeTest.NegativeIntConstructorTest (0 ms)
[ RUN      ] NodeTest.CharConstructorTest
[       OK ] NodeTest.CharConstructorTest (0 ms)
[ RUN      ] NodeTest.SpecialCharConstructorTest
[       OK ] NodeTest.SpecialCharConstructorTest (0 ms)
[ RUN      ] NodeTest.BoolConstructorTest
[       OK ] NodeTest.BoolConstructorTest (0 ms)
[ RUN      ] NodeTest.FloatConstructorTest
[       OK ] NodeTest.FloatConstructorTest (0 ms)
[ RUN      ] NodeTest.DoubleConstructorTest
[       OK ] NodeTest.DoubleConstructorTest (0 ms)
[----------] 7 tests from NodeTest (0 ms total)

[----------] Global test environment tear-down
[==========] 7 tests from 1 test suite ran. (0 ms total)
[  PASSED  ] 7 tests.
<end of output>
Test time =   0.00 sec
----------------------------------------------------------
Test Passed.
"NodeTest" end time: Jun 04 13:14 EDT
"NodeTest" time elapsed: 00:00:00
----------------------------------------------------------

End testing: Jun 04 13:14 EDT
